生成启动时间为 2018/8/5 23:52:33。
     1>项目“D:\TEST\Feiq\Feiq\Feiq.vcxproj”在节点 2 上(Build 个目标)。
     1>ClCompile:
         C:\Program Files (x86)\Microsoft Visual Studio 11.0\VC\bin\CL.exe /c /I../Net /I../Packdef /I../Mediator /I../Feiq /ZI /nologo /W3 /WX- /sdl /Od /Oy- /D WIN32 /D _WINDOWS /D _DEBUG /D _MBCS /D _AFXDLL /Gm /EHsc /RTC1 /MDd /GS /fp:precise /Zc:wchar_t /Zc:forScope /Yc"stdafx.h" /Fp"Debug\Feiq.pch" /Fo"Debug\\" /Fd"Debug\vc110.pdb" /Gd /TP /analyze- /errorReport:prompt stdafx.cpp
         stdafx.cpp
         C:\Program Files (x86)\Microsoft Visual Studio 11.0\VC\bin\CL.exe /c /I../Net /I../Packdef /I../Mediator /I../Feiq /ZI /nologo /W3 /WX- /sdl /Od /Oy- /D WIN32 /D _WINDOWS /D _DEBUG /D _MBCS /D _AFXDLL /Gm /EHsc /RTC1 /MDd /GS /fp:precise /Zc:wchar_t /Zc:forScope /Yu"stdafx.h" /Fp"Debug\Feiq.pch" /Fo"Debug\\" /Fd"Debug\vc110.pdb" /Gd /TP /analyze- /errorReport:prompt ..\Mediator\TCPMediator.cpp ..\Mediator\UDPMediator.cpp ..\Net\TCPNet.cpp ..\Net\UDPNet.cpp Feiq.cpp FeiqDlg.cpp MyDlgChat.cpp
         MyDlgChat.cpp
         FeiqDlg.cpp
         Feiq.cpp
         UDPNet.cpp
         TCPNet.cpp
         UDPMediator.cpp
         TCPMediator.cpp
         正在生成代码...
       ResourceCompile:
         C:\Program Files (x86)\Windows Kits\8.0\bin\x86\rc.exe /D _DEBUG /D _AFXDLL /l"0x0804" /IDebug\ /nologo /fo"Debug\Feiq.res" Feiq.rc 
       Link:
         C:\Program Files (x86)\Microsoft Visual Studio 11.0\VC\bin\link.exe /ERRORREPORT:PROMPT /OUT:"D:\TEST\Feiq\Debug\Feiq.exe" /INCREMENTAL /NOLOGO opencv_ml249d.lib opencv_calib3d249d.lib opencv_contrib249d.lib opencv_core249d.lib opencv_features2d249d.lib opencv_flann249d.lib opencv_gpu249d.lib opencv_highgui249d.lib opencv_imgproc249d.lib opencv_legacy249d.lib opencv_objdetect249d.lib opencv_ts249d.lib opencv_video249d.lib opencv_nonfree249d.lib opencv_ocl249d.lib opencv_photo249d.lib opencv_stitching249d.lib opencv_superres249d.lib opencv_videostab249d.lib opencv_objdetect249.lib opencv_ts249.lib opencv_video249.lib opencv_nonfree249.lib opencv_ocl249.lib opencv_photo249.lib opencv_stitching249.lib opencv_superres249.lib opencv_videostab249.lib opencv_calib3d249.lib opencv_contrib249.lib opencv_core249.lib opencv_features2d249.lib opencv_flann249.lib opencv_gpu249.lib opencv_highgui249.lib opencv_imgproc249.lib opencv_legacy249.lib opencv_ml249.lib /MANIFEST /MANIFESTUAC:"level='asInvoker' uiAccess='false'" /manifest:embed /manifestinput:"C:\Program Files (x86)\Microsoft Visual Studio 11.0\VC\Include\Manifest\dpiaware.manifest" /DEBUG /PDB:"D:\TEST\Feiq\Debug\Feiq.pdb" /SUBSYSTEM:WINDOWS /TLBID:1 /DYNAMICBASE /NXCOMPAT /IMPLIB:"D:\TEST\Feiq\Debug\Feiq.lib" /MACHINE:X86 Debug\Feiq.res
         Debug\TCPMediator.obj
         Debug\UDPMediator.obj
         Debug\TCPNet.obj
         Debug\UDPNet.obj
         Debug\Feiq.obj
         Debug\FeiqDlg.obj
         Debug\MyDlgChat.obj
         Debug\stdafx.obj
         Feiq.vcxproj -> D:\TEST\Feiq\Debug\Feiq.exe
     1>已完成生成项目“D:\TEST\Feiq\Feiq\Feiq.vcxproj”(Build 个目标)的操作。

生成成功。

已用时间 00:00:13.10
